#
# There is insufficient memory for the Java Runtime Environment to continue.
# Native memory allocation (malloc) failed to allocate 392496 bytes. Error detail: Chunk::new
# Possible reasons:
#   The system is out of physical RAM or swap space
#   This process is running with CompressedOops enabled, and the Java Heap may be blocking the growth of the native heap
# Possible solutions:
#   Reduce memory load on the system
#   Increase physical memory or swap space
#   Check if swap backing store is full
#   Decrease Java heap size (-Xmx/-Xms)
#   Decrease number of Java threads
#   Decrease Java thread stack sizes (-Xss)
#   Set larger code cache with -XX:ReservedCodeCacheSize=
#   JVM is running with Unscaled Compressed Oops mode in which the Java heap is
#     placed in the first 4GB address space. The Java Heap base address is the
#     maximum limit for the native heap growth. Please use -XX:HeapBaseMinAddress
#     to set the Java Heap base and to place the Java Heap above 4GB virtual address.
# This output file may be truncated or incomplete.
#
#  Out of Memory Error (arena.cpp:168), pid=4972, tid=4916
#
# JRE version: OpenJDK Runtime Environment Temurin-21.0.10+7 (21.0.10+7) (build 21.0.10+7-LTS)
# Java VM: OpenJDK 64-Bit Server VM Temurin-21.0.10+7 (21.0.10+7-LTS, mixed mode, sharing, tiered, compressed oops, compressed class ptrs, parallel gc, windows-amd64)
# No core dump will be written. Minidumps are not enabled by default on client versions of Windows
#

---------------  S U M M A R Y ------------

Command Line: --add-modules=ALL-SYSTEM --add-opens=java.base/java.util=ALL-UNNAMED --add-opens=java.base/java.lang=ALL-UNNAMED --add-opens=java.base/sun.nio.fs=ALL-UNNAMED -Declipse.application=org.eclipse.jdt.ls.core.id1 -Dosgi.bundles.defaultStartLevel=4 -Declipse.product=org.eclipse.jdt.ls.core.product -Djava.import.generatesMetadataFilesAtProjectRoot=false -DDetectVMInstallationsJob.disabled=true -Dfile.encoding=utf8 -XX:+UseParallelGC -XX:GCTimeRatio=4 -XX:AdaptiveSizePolicyWeight=90 -Dsun.zip.disableMemoryMapping=true -Xmx2G -Xms100m -Xlog:disable -javaagent:c:\Users\DELL\.vscode\extensions\redhat.java-1.53.0-win32-x64\lombok\lombok-1.18.39-4050.jar -XX:+HeapDumpOnOutOfMemoryError -XX:HeapDumpPath=c:\Users\DELL\AppData\Roaming\Code\User\workspaceStorage\4b4fd17cbe65da133d8d60e3effb1067\redhat.java -Daether.dependencyCollector.impl=bf c:\Users\DELL\.vscode\extensions\redhat.java-1.53.0-win32-x64\server\plugins\org.eclipse.equinox.launcher_1.7.100.v20251111-0406.jar -configuration c:\Users\DELL\AppData\Roaming\Code\User\globalStorage\redhat.java\1.53.0\config_win -data c:\Users\DELL\AppData\Roaming\Code\User\workspaceStorage\4b4fd17cbe65da133d8d60e3effb1067\redhat.java\jdt_ws --pipe=\\.\pipe\lsp-59e7af8f7c2ba20b0c7d971171a2a1c0-sock

Host: Intel(R) Core(TM) i5-6300U CPU @ 2.40GHz, 4 cores, 7G,  Windows 10 , 64 bit Build 19041 (10.0.19041.5915)
Time: Sat Mar 14 12:30:43 2026 Paris, Madrid elapsed time: 4.952184 seconds (0d 0h 0m 4s)

---------------  T H R E A D  ---------------

Current thread (0x000001cee888ae90):  JavaThread "C2 CompilerThread0" daemon [_thread_in_native, id=4916, stack(0x0000007a01800000,0x0000007a01900000) (1024K)]


Current CompileTask:
C2:4952 1386       4       jdk.internal.jimage.ImageLocation::verify (218 bytes)

Stack: [0x0000007a01800000,0x0000007a01900000]
Native frames: (J=compiled Java code, j=interpreted, Vv=VM code, C=native code)
V  [jvm.dll+0x6d7a39]
V  [jvm.dll+0x8b4b26]
V  [jvm.dll+0x8b70de]
V  [jvm.dll+0x8b77c3]
V  [jvm.dll+0x284346]
V  [jvm.dll+0xc66ed]
V  [jvm.dll+0xc6c31]
V  [jvm.dll+0x3bec3b]
V  [jvm.dll+0x38b162]
V  [jvm.dll+0x38a5aa]
V  [jvm.dll+0x24c560]
V  [jvm.dll+0x24bb40]
V  [jvm.dll+0x1cb34e]
V  [jvm.dll+0x25b85d]
V  [jvm.dll+0x259dea]
V  [jvm.dll+0x3f857e]
V  [jvm.dll+0x85f59d]
V  [jvm.dll+0x6d626d]
C  [ucrtbase.dll+0x21bb2]
C  [KERNEL32.DLL+0x17374]
C  [ntdll.dll+0x4cc91]


---------------  P R O C E S S  ---------------

Threads class SMR info:
_java_thread_list=0x000001cec5270c90, length=11, elements={
0x000001cee89946c0, 0x000001cee8881d30, 0x000001cee8882be0, 0x000001cee8885d20,
0x000001cee8886980, 0x000001cee88875e0, 0x000001cee888a050, 0x000001cee888ae90,
0x000001cee88fbb10, 0x000001cec51145b0, 0x000001cec5271cb0
}

Java Threads: ( => current thread )
  0x000001cee89946c0 JavaThread "main"                              [_thread_in_vm, id=19792, stack(0x0000007a00e00000,0x0000007a00f00000) (1024K)]
  0x000001cee8881d30 JavaThread "Reference Handler"          daemon [_thread_blocked, id=24588, stack(0x0000007a01200000,0x0000007a01300000) (1024K)]
  0x000001cee8882be0 JavaThread "Finalizer"                  daemon [_thread_blocked, id=15668, stack(0x0000007a01300000,0x0000007a01400000) (1024K)]
  0x000001cee8885d20 JavaThread "Signal Dispatcher"          daemon [_thread_blocked, id=25076, stack(0x0000007a01400000,0x0000007a01500000) (1024K)]
  0x000001cee8886980 JavaThread "Attach Listener"            daemon [_thread_blocked, id=14212, stack(0x0000007a01500000,0x0000007a01600000) (1024K)]
  0x000001cee88875e0 JavaThread "Service Thread"             daemon [_thread_blocked, id=25420, stack(0x0000007a01600000,0x0000007a01700000) (1024K)]
  0x000001cee888a050 JavaThread "Monitor Deflation Thread"   daemon [_thread_blocked, id=20104, stack(0x0000007a01700000,0x0000007a01800000) (1024K)]
=>0x000001cee888ae90 JavaThread "C2 CompilerThread0"         daemon [_thread_in_native, id=4916, stack(0x0000007a01800000,0x0000007a01900000) (1024K)]
  0x000001cee88fbb10 JavaThread "C1 CompilerThread0"         daemon [_thread_in_vm, id=1144, stack(0x0000007a01900000,0x0000007a01a00000) (1024K)]
  0x000001cec51145b0 JavaThread "Common-Cleaner"             daemon [_thread_blocked, id=14372, stack(0x0000007a01a00000,0x0000007a01b00000) (1024K)]
  0x000001cec5271cb0 JavaThread "Notification Thread"        daemon [_thread_blocked, id=25592, stack(0x0000007a01b00000,0x0000007a01c00000) (1024K)]
Total: 11

Other Threads:
  0x000001cee8a51730 VMThread "VM Thread"                           [id=24604, stack(0x0000007a01100000,0x0000007a01200000) (1024K)]
  0x000001cee882c5b0 WatcherThread "VM Periodic Task Thread"        [id=23412, stack(0x0000007a01000000,0x0000007a01100000) (1024K)]
  0x000001cee89b1670 WorkerThread "GC Thread#0"                     [id=6236, stack(0x0000007a00f00000,0x0000007a01000000) (1024K)]
  0x000001cec5963b10 WorkerThread "GC Thread#1"                     [id=24420, stack(0x0000007a01c00000,0x0000007a01d00000) (1024K)]
  0x000001cec56ab8b0 WorkerThread "GC Thread#2"                     [id=1044, stack(0x0000007a01d00000,0x0000007a01e00000) (1024K)]
  0x000001cec56abc60 WorkerThread "GC Thread#3"                     [id=1448, stack(0x0000007a01e00000,0x0000007a01f00000) (1024K)]
Total: 6

Threads with active compile tasks:
C2 CompilerThread0  5021 1386       4       jdk.internal.jimage.ImageLocation::verify (218 bytes)
Total: 1

VM state: not at safepoint (normal execution)

VM Mutex/Monitor currently owned by a thread: None

Heap address: 0x0000000080000000, size: 2048 MB, Compressed Oops mode: 32-bit

CDS archive(s) mapped at: [0x000001ce80000000-0x000001ce80ba0000-0x000001ce80ba0000), size 12189696, SharedBaseAddress: 0x000001ce80000000, ArchiveRelocationMode: 1.
Compressed class space mapped at: 0x000001ce81000000-0x000001cec1000000, reserved size: 1073741824
Narrow klass base: 0x000001ce80000000, Narrow klass shift: 0, Narrow klass range: 0x100000000

GC Precious Log:
 CardTable entry size: 512
 CPUs: 4 total, 4 available
 Memory: 8073M
 Large Page Support: Disabled
 NUMA Support: Disabled
 Compressed Oops: Enabled (32-bit)
 Alignments: Space 512K, Generation 512K, Heap 2M
 Heap Min Capacity: 100M
 Heap Initial Capacity: 100M
 Heap Max Capacity: 2G
 Pre-touch: Disabled
 Parallel Workers: 4

Heap:
 PSYoungGen      total 29696K, used 15601K [0x00000000d5580000, 0x00000000d7680000, 0x0000000100000000)
  eden space 25600K, 48% used [0x00000000d5580000,0x00000000d61825f8,0x00000000d6e80000)
  from space 4096K, 80% used [0x00000000d6e80000,0x00000000d71b9e98,0x00000000d7280000)
  to   space 4096K, 0% used [0x00000000d7280000,0x00000000d7280000,0x00000000d7680000)
 ParOldGen       total 68608K, used 0K [0x0000000080000000, 0x0000000084300000, 0x00000000d5580000)
  object space 68608K, 0% used [0x0000000080000000,0x0000000080000000,0x0000000084300000)
 Metaspace       used 6349K, committed 6592K, reserved 1114112K
  class space    used 642K, committed 768K, reserved 1048576K

Card table byte_map: [0x000001cee8340000,0x000001cee8750000] _byte_map_base: 0x000001cee7f40000

Marking Bits: (ParMarkBitMap*) 0x00007ffa91b63450
 Begin Bits: [0x000001cefae50000, 0x000001cefce50000)
 End Bits:   [0x000001cefce50000, 0x000001cefee50000)

Polling page: 0x000001cee66e0000

Metaspace:

Usage:
  Non-class:      5.58 MB used.
      Class:    643.38 KB used.
       Both:      6.21 MB used.

Virtual space:
  Non-class space:       64.00 MB reserved,       5.69 MB (  9%) committed,  1 nodes.
      Class space:        1.00 GB reserved,     768.00 KB ( <1%) committed,  1 nodes.
             Both:        1.06 GB reserved,       6.44 MB ( <1%) committed. 

Chunk freelists:
   Non-Class:  9.81 MB
       Class:  15.06 MB
        Both:  24.88 MB

MaxMetaspaceSize: unlimited
CompressedClassSpaceSize: 1.00 GB
Initial GC threshold: 21.00 MB
Current GC threshold: 21.00 MB
CDS: on
 - commit_granule_bytes: 65536.
 - commit_granule_words: 8192.
 - virtual_space_node_default_size: 8388608.
 - enlarge_chunks_in_place: 1.
 - use_allocation_guard: 0.


Internal statistics:

num_allocs_failed_limit: 0.
num_arena_births: 190.
num_arena_deaths: 0.
num_vsnodes_births: 2.
num_vsnodes_deaths: 0.
num_space_committed: 103.
num_space_uncommitted: 0.
num_chunks_returned_to_freelist: 0.
num_chunks_taken_from_freelist: 322.
num_chunk_merges: 0.
num_chunk_splits: 208.
num_chunks_enlarged: 134.
num_inconsistent_stats: 0.

CodeHeap 'non-profiled nmethods': size=120000Kb used=598Kb max_used=598Kb free=119401Kb
 bounds [0x000001cef3670000, 0x000001cef38e0000, 0x000001cefaba0000]
CodeHeap 'profiled nmethods': size=120000Kb used=2444Kb max_used=2444Kb free=117555Kb
 bounds [0x000001ceebba0000, 0x000001ceebe10000, 0x000001cef30d0000]
CodeHeap 'non-nmethods': size=5760Kb used=1208Kb max_used=1237Kb free=4551Kb
 bounds [0x000001cef30d0000, 0x000001cef3340000, 0x000001cef3670000]
CodeCache: size=245760Kb, used=4250Kb, max_used=4279Kb, free=241507Kb
 total_blobs=1887, nmethods=1416, adapters=378, full_count=0
Compilation: enabled, stopped_count=0, restarted_count=0

Compilation events (20 events):
Event: 4.831 Thread 0x000001cee88fbb10 nmethod 1379 0x000001ceebdee910 code [0x000001ceebdeeac0, 0x000001ceebdeec10]
Event: 4.836 Thread 0x000001cee88fbb10 1380       3       org.lombokweb.asm.ClassReader::readUTF8 (23 bytes)
Event: 4.836 Thread 0x000001cee88fbb10 nmethod 1380 0x000001ceebdeec90 code [0x000001ceebdeee60, 0x000001ceebdef0a8]
Event: 4.882 Thread 0x000001cee88fbb10 1381       3       lombok.launch.PackageShader::apply (252 bytes)
Event: 4.883 Thread 0x000001cee888ae90 1382       4       java.lang.StringBuilder::append (8 bytes)
Event: 4.883 Thread 0x000001cee88fbb10 nmethod 1381 0x000001ceebdef190 code [0x000001ceebdef3e0, 0x000001ceebdefe90]
Event: 4.888 Thread 0x000001cee88fbb10 1384       3       java.lang.String::substring (10 bytes)
Event: 4.888 Thread 0x000001cee88fbb10 nmethod 1384 0x000001ceebdf0490 code [0x000001ceebdf0660, 0x000001ceebdf0898]
Event: 4.889 Thread 0x000001cee88fbb10 1385       3       java.net.URI::toString (16 bytes)
Event: 4.889 Thread 0x000001cee88fbb10 nmethod 1385 0x000001ceebdf0990 code [0x000001ceebdf0b40, 0x000001ceebdf0cb8]
Event: 4.894 Thread 0x000001cee888ae90 nmethod 1382 0x000001cef3703b90 code [0x000001cef3703d80, 0x000001cef3704540]
Event: 4.894 Thread 0x000001cee888ae90 1383       4       java.lang.String::checkBoundsOffCount (10 bytes)
Event: 4.895 Thread 0x000001cee888ae90 nmethod 1383 0x000001cef3704990 code [0x000001cef3704b20, 0x000001cef3704be8]
Event: 4.899 Thread 0x000001cee888ae90 1386       4       jdk.internal.jimage.ImageLocation::verify (218 bytes)
Event: 4.925 Thread 0x000001cee88fbb10 1387       3       java.lang.Integer::valueOf (32 bytes)
Event: 4.925 Thread 0x000001cee88fbb10 nmethod 1387 0x000001ceebdf0d90 code [0x000001ceebdf0f60, 0x000001ceebdf1268]
Event: 4.926 Thread 0x000001cee88fbb10 1389       3       org.lombokweb.asm.SymbolTable::hash (10 bytes)
Event: 4.926 Thread 0x000001cee88fbb10 nmethod 1389 0x000001ceebdf1390 code [0x000001ceebdf1540, 0x000001ceebdf1670]
Event: 4.940 Thread 0x000001cee88fbb10 1390       3       java.io.File::<init> (20 bytes)
Event: 4.940 Thread 0x000001cee88fbb10 nmethod 1390 0x000001ceebdf1790 code [0x000001ceebdf1940, 0x000001ceebdf1ae0]

GC Heap History (2 events):
Event: 3.502 GC heap before
{Heap before GC invocations=1 (full 0):
 PSYoungGen      total 29696K, used 25600K [0x00000000d5580000, 0x00000000d7680000, 0x0000000100000000)
  eden space 25600K, 100% used [0x00000000d5580000,0x00000000d6e80000,0x00000000d6e80000)
  from space 4096K, 0% used [0x00000000d7280000,0x00000000d7280000,0x00000000d7680000)
  to   space 4096K, 0% used [0x00000000d6e80000,0x00000000d6e80000,0x00000000d7280000)
 ParOldGen       total 68608K, used 0K [0x0000000080000000, 0x0000000084300000, 0x00000000d5580000)
  object space 68608K, 0% used [0x0000000080000000,0x0000000080000000,0x0000000084300000)
 Metaspace       used 4361K, committed 4608K, reserved 1114112K
  class space    used 474K, committed 576K, reserved 1048576K
}
Event: 3.535 GC heap after
{Heap after GC invocations=1 (full 0):
 PSYoungGen      total 29696K, used 3303K [0x00000000d5580000, 0x00000000d7680000, 0x0000000100000000)
  eden space 25600K, 0% used [0x00000000d5580000,0x00000000d5580000,0x00000000d6e80000)
  from space 4096K, 80% used [0x00000000d6e80000,0x00000000d71b9e98,0x00000000d7280000)
  to   space 4096K, 0% used [0x00000000d7280000,0x00000000d7280000,0x00000000d7680000)
 ParOldGen       total 68608K, used 0K [0x0000000080000000, 0x0000000084300000, 0x00000000d5580000)
  object space 68608K, 0% used [0x0000000080000000,0x0000000080000000,0x0000000084300000)
 Metaspace       used 4361K, committed 4608K, reserved 1114112K
  class space    used 474K, committed 576K, reserved 1048576K
}

Dll operation events (8 events):
Event: 0.013 Loaded shared library c:\Users\DELL\.vscode\extensions\redhat.java-1.53.0-win32-x64\jre\21.0.10-win32-x86_64\bin\java.dll
Event: 0.316 Loaded shared library c:\Users\DELL\.vscode\extensions\redhat.java-1.53.0-win32-x64\jre\21.0.10-win32-x86_64\bin\zip.dll
Event: 0.406 Loaded shared library C:\Users\DELL\.vscode\extensions\redhat.java-1.53.0-win32-x64\jre\21.0.10-win32-x86_64\bin\instrument.dll
Event: 0.454 Loaded shared library C:\Users\DELL\.vscode\extensions\redhat.java-1.53.0-win32-x64\jre\21.0.10-win32-x86_64\bin\net.dll
Event: 0.458 Loaded shared library C:\Users\DELL\.vscode\extensions\redhat.java-1.53.0-win32-x64\jre\21.0.10-win32-x86_64\bin\nio.dll
Event: 0.466 Loaded shared library C:\Users\DELL\.vscode\extensions\redhat.java-1.53.0-win32-x64\jre\21.0.10-win32-x86_64\bin\zip.dll
Event: 0.591 Loaded shared library C:\Users\DELL\.vscode\extensions\redhat.java-1.53.0-win32-x64\jre\21.0.10-win32-x86_64\bin\jimage.dll
Event: 1.098 Loaded shared library c:\Users\DELL\.vscode\extensions\redhat.java-1.53.0-win32-x64\jre\21.0.10-win32-x86_64\bin\verify.dll

Deoptimization events (20 events):
Event: 4.598 Thread 0x000001cee89946c0 DEOPT PACKING pc=0x000001cef36bf18c sp=0x0000007a00ef8d20
Event: 4.598 Thread 0x000001cee89946c0 DEOPT UNPACKING pc=0x000001cef3123aa2 sp=0x0000007a00ef8ce0 mode 2
Event: 4.598 Thread 0x000001cee89946c0 Uncommon trap: trap_request=0xffffff45 fr.pc=0x000001cef36b4ea8 relative=0x0000000000000088
Event: 4.598 Thread 0x000001cee89946c0 Uncommon trap: reason=unstable_if action=reinterpret pc=0x000001cef36b4ea8 method=lombok.patcher.scripts.MethodLevelPatchScript.patch(Ljava/lang/String;[BLlombok/patcher/TransplantMapper;)[B @ 8 c2
Event: 4.598 Thread 0x000001cee89946c0 DEOPT PACKING pc=0x000001cef36b4ea8 sp=0x0000007a00ef8d90
Event: 4.598 Thread 0x000001cee89946c0 DEOPT UNPACKING pc=0x000001cef3123aa2 sp=0x0000007a00ef8d20 mode 2
Event: 4.882 Thread 0x000001cee89946c0 Uncommon trap: trap_request=0xffffff45 fr.pc=0x000001cef36a0fec relative=0x0000000000001eec
Event: 4.882 Thread 0x000001cee89946c0 Uncommon trap: reason=unstable_if action=reinterpret pc=0x000001cef36a0fec method=java.lang.String.<init>([CIILjava/lang/Void;)V @ 5 c2
Event: 4.882 Thread 0x000001cee89946c0 DEOPT PACKING pc=0x000001cef36a0fec sp=0x0000007a00ef42b0
Event: 4.882 Thread 0x000001cee89946c0 DEOPT UNPACKING pc=0x000001cef3123aa2 sp=0x0000007a00ef4048 mode 2
Event: 4.889 Thread 0x000001cee89946c0 DEOPT PACKING pc=0x000001ceebdefd0d sp=0x0000007a00ef7c30
Event: 4.889 Thread 0x000001cee89946c0 DEOPT UNPACKING pc=0x000001cef3124242 sp=0x0000007a00ef70e0 mode 0
Event: 4.922 Thread 0x000001cee89946c0 Uncommon trap: trap_request=0xffffffc6 fr.pc=0x000001cef36acd04 relative=0x00000000000002c4
Event: 4.922 Thread 0x000001cee89946c0 Uncommon trap: reason=bimorphic_or_optimized_type_check action=maybe_recompile pc=0x000001cef36acd04 method=java.util.Collections$UnmodifiableCollection$1.next()Ljava/lang/Object; @ 4 c2
Event: 4.922 Thread 0x000001cee89946c0 DEOPT PACKING pc=0x000001cef36acd04 sp=0x0000007a00ef87e0
Event: 4.922 Thread 0x000001cee89946c0 DEOPT UNPACKING pc=0x000001cef3123aa2 sp=0x0000007a00ef8790 mode 2
Event: 4.922 Thread 0x000001cee89946c0 Uncommon trap: trap_request=0xffffffc6 fr.pc=0x000001cef36acd04 relative=0x00000000000002c4
Event: 4.922 Thread 0x000001cee89946c0 Uncommon trap: reason=bimorphic_or_optimized_type_check action=maybe_recompile pc=0x000001cef36acd04 method=java.util.Collections$UnmodifiableCollection$1.next()Ljava/lang/Object; @ 4 c2
Event: 4.922 Thread 0x000001cee89946c0 DEOPT PACKING pc=0x000001cef36acd04 sp=0x0000007a00ef87e0
Event: 4.922 Thread 0x000001cee89946c0 DEOPT UNPACKING pc=0x000001cef3123aa2 sp=0x0000007a00ef8790 mode 2

Classes loaded (20 events):
Event: 4.168 Loading class java/util/concurrent/SynchronousQueue$Transferer
Event: 4.169 Loading class java/util/concurrent/LinkedTransferQueue
Event: 4.170 Loading class java/util/concurrent/TransferQueue
Event: 4.170 Loading class java/util/concurrent/TransferQueue done
Event: 4.171 Loading class java/util/concurrent/LinkedTransferQueue done
Event: 4.171 Loading class java/util/concurrent/SynchronousQueue$Transferer done
Event: 4.171 Loading class java/util/concurrent/LinkedTransferQueue$DualNode
Event: 4.172 Loading class java/util/concurrent/LinkedTransferQueue$DualNode done
Event: 4.174 Loading class java/util/concurrent/RejectedExecutionHandler
Event: 4.174 Loading class java/util/concurrent/RejectedExecutionHandler done
Event: 4.174 Loading class java/util/concurrent/LinkedBlockingQueue
Event: 4.174 Loading class java/util/concurrent/LinkedBlockingQueue done
Event: 4.174 Loading class java/util/concurrent/LinkedBlockingQueue$Node
Event: 4.174 Loading class java/util/concurrent/LinkedBlockingQueue$Node done
Event: 4.196 Loading class java/util/concurrent/Semaphore$NonfairSync
Event: 4.197 Loading class java/util/concurrent/Semaphore$Sync
Event: 4.197 Loading class java/util/concurrent/Semaphore$Sync done
Event: 4.197 Loading class java/util/concurrent/Semaphore$NonfairSync done
Event: 4.618 Loading class java/lang/TypeNotPresentException
Event: 4.618 Loading class java/lang/TypeNotPresentException done

Classes unloaded (0 events):
No events

Classes redefined (0 events):
No events

Internal exceptions (20 events):
Event: 2.351 Thread 0x000001cee89946c0 Exception <a 'java/lang/ClassNotFoundException'{0x00000000d646c908}: sun/net/www/protocol/c/Handler> (0x00000000d646c908) 
thrown [s\src\hotspot\share\classfile\systemDictionary.cpp, line 312]
Event: 2.425 Thread 0x000001cee89946c0 Exception <a 'java/io/FileNotFoundException'{0x00000000d64d3b18}> (0x00000000d64d3b18) 
thrown [s\src\hotspot\share\prims\jni.cpp, line 520]
Event: 2.429 Thread 0x000001cee89946c0 Exception <a 'java/io/FileNotFoundException'{0x00000000d64d5170}> (0x00000000d64d5170) 
thrown [s\src\hotspot\share\prims\jni.cpp, line 520]
Event: 2.429 Thread 0x000001cee89946c0 Exception <a 'java/io/FileNotFoundException'{0x00000000d64d6130}> (0x00000000d64d6130) 
thrown [s\src\hotspot\share\prims\jni.cpp, line 520]
Event: 2.430 Thread 0x000001cee89946c0 Exception <a 'java/io/FileNotFoundException'{0x00000000d64d6fb8}> (0x00000000d64d6fb8) 
thrown [s\src\hotspot\share\prims\jni.cpp, line 520]
Event: 2.439 Thread 0x000001cee89946c0 Exception <a 'java/io/FileNotFoundException'{0x00000000d650f720}> (0x00000000d650f720) 
thrown [s\src\hotspot\share\prims\jni.cpp, line 520]
Event: 2.523 Thread 0x000001cee89946c0 Exception <a 'java/lang/NoSuchMethodError'{0x00000000d6548dc8}: 'java.lang.Object java.lang.invoke.DirectMethodHandle$Holder.invokeInterface(java.lang.Object, java.lang.Object)'> (0x00000000d6548dc8) 
thrown [s\src\hotspot\share\interpreter\linkResolver.cpp, line 773]
Event: 2.535 Thread 0x000001cee89946c0 Exception <a 'java/lang/NoSuchMethodError'{0x00000000d655c358}: 'java.lang.Object java.lang.invoke.Invokers$Holder.invokeExact_MT(java.lang.Object, java.lang.Object, java.lang.Object, java.lang.Object, java.lang.Object, java.lang.Object)'> (0x00000000d655c358) 
thrown [s\src\hotspot\share\interpreter\linkResolver.cpp, line 773]
Event: 2.539 Thread 0x000001cee89946c0 Exception <a 'java/lang/NoSuchMethodError'{0x00000000d6573430}: 'int java.lang.invoke.DirectMethodHandle$Holder.invokeStatic(java.lang.Object, java.lang.Object, java.lang.Object, java.lang.Object, java.lang.Object)'> (0x00000000d6573430) 
thrown [s\src\hotspot\share\interpreter\linkResolver.cpp, line 773]
Event: 2.738 Thread 0x000001cee89946c0 Exception <a 'java/lang/NoSuchMethodError'{0x00000000d66084c8}: 'java.lang.Object java.lang.invoke.DirectMethodHandle$Holder.invokeInterface(java.lang.Object, java.lang.Object, int)'> (0x00000000d66084c8) 
thrown [s\src\hotspot\share\interpreter\linkResolver.cpp, line 773]
Event: 3.234 Thread 0x000001cee89946c0 Exception <a 'java/lang/NoSuchMethodError'{0x00000000d6a6e878}: 'java.lang.ClassLoader java.lang.ClassLoader.getPlatformClassLoader(java.lang.Class)'> (0x00000000d6a6e878) 
thrown [s\src\hotspot\share\interpreter\linkResolver.cpp, line 773]
Event: 3.540 Thread 0x000001cee89946c0 Exception <a 'java/lang/ClassNotFoundException'{0x00000000d558dd20}: sun/net/www/protocol/c/Handler> (0x00000000d558dd20) 
thrown [s\src\hotspot\share\classfile\systemDictionary.cpp, line 312]
Event: 3.541 Thread 0x000001cee89946c0 Exception <a 'java/lang/ClassNotFoundException'{0x00000000d558f098}: sun/net/www/protocol/d/Handler> (0x00000000d558f098) 
thrown [s\src\hotspot\share\classfile\systemDictionary.cpp, line 312]
Event: 3.542 Thread 0x000001cee89946c0 Exception <a 'java/lang/ClassNotFoundException'{0x00000000d5590230}: sun/net/www/protocol/c/Handler> (0x00000000d5590230) 
thrown [s\src\hotspot\share\classfile\systemDictionary.cpp, line 312]
Event: 3.563 Thread 0x000001cee89946c0 Exception <a 'java/io/FileNotFoundException'{0x00000000d55c1ec8}> (0x00000000d55c1ec8) 
thrown [s\src\hotspot\share\prims\jni.cpp, line 520]
Event: 3.706 Thread 0x000001cee89946c0 Implicit null exception at 0x000001cef36e2f1a to 0x000001cef36e313c
Event: 3.708 Thread 0x000001cee89946c0 Exception <a 'java/lang/NoSuchMethodError'{0x00000000d56f2588}: 'void java.lang.invoke.DirectMethodHandle$Holder.invokeStatic(java.lang.Object, java.lang.Object, java.lang.Object, java.lang.Object)'> (0x00000000d56f2588) 
thrown [s\src\hotspot\share\interpreter\linkResolver.cpp, line 773]
Event: 3.710 Thread 0x000001cee89946c0 Implicit null exception at 0x000001cef36d751a to 0x000001cef36d773c
Event: 3.710 Thread 0x000001cee89946c0 Implicit null exception at 0x000001cef36d2240 to 0x000001cef36d22c5
Event: 4.053 Thread 0x000001cee89946c0 Exception <a 'java/lang/NoSuchMethodError'{0x00000000d59dcc38}: 'void java.lang.invoke.DirectMethodHandle$Holder.invokeSpecial(java.lang.Object, java.lang.Object, java.lang.Object)'> (0x00000000d59dcc38) 
thrown [s\src\hotspot\share\interpreter\linkResolver.cpp, line 773]

ZGC Phase Switch (0 events):
No events

VM Operations (18 events):
Event: 0.314 Executing non-safepoint VM operation: HandshakeAllThreads (Deoptimize)
Event: 0.314 Executing non-safepoint VM operation: HandshakeAllThreads (Deoptimize) done
Event: 0.626 Executing non-safepoint VM operation: HandshakeAllThreads (Deoptimize)
Event: 0.626 Executing non-safepoint VM operation: HandshakeAllThreads (Deoptimize) done
Event: 1.626 Executing safepoint VM operation: Cleanup
Event: 1.671 Executing safepoint VM operation: Cleanup done
Event: 2.212 Executing non-safepoint VM operation: HandshakeAllThreads (Deoptimize)
Event: 2.212 Executing non-safepoint VM operation: HandshakeAllThreads (Deoptimize) done
Event: 2.309 Executing non-safepoint VM operation: HandshakeAllThreads (Deoptimize)
Event: 2.309 Executing non-safepoint VM operation: HandshakeAllThreads (Deoptimize) done
Event: 3.312 Executing safepoint VM operation: Cleanup
Event: 3.313 Executing safepoint VM operation: Cleanup done
Event: 3.436 Executing non-safepoint VM operation: HandshakeAllThreads (Deoptimize)
Event: 3.436 Executing non-safepoint VM operation: HandshakeAllThreads (Deoptimize) done
Event: 3.502 Executing safepoint VM operation: ParallelGCFailedAllocation (Allocation Failure)
Event: 3.536 Executing safepoint VM operation: ParallelGCFailedAllocation (Allocation Failure) done
Event: 4.539 Executing safepoint VM operation: Cleanup
Event: 4.570 Executing safepoint VM operation: Cleanup done

Memory protections (0 events):
No events

Nmethod flushes (0 events):
No events

Events (11 events):
Event: 0.043 Thread 0x000001cee89946c0 Thread added: 0x000001cee89946c0
Event: 0.126 Thread 0x000001cee89946c0 Thread added: 0x000001cee8881d30
Event: 0.127 Thread 0x000001cee89946c0 Thread added: 0x000001cee8882be0
Event: 0.129 Thread 0x000001cee89946c0 Thread added: 0x000001cee8885d20
Event: 0.129 Thread 0x000001cee89946c0 Thread added: 0x000001cee8886980
Event: 0.129 Thread 0x000001cee89946c0 Thread added: 0x000001cee88875e0
Event: 0.129 Thread 0x000001cee89946c0 Thread added: 0x000001cee888a050
Event: 0.129 Thread 0x000001cee89946c0 Thread added: 0x000001cee888ae90
Event: 0.147 Thread 0x000001cee89946c0 Thread added: 0x000001cee88fbb10
Event: 0.413 Thread 0x000001cee89946c0 Thread added: 0x000001cec51145b0
Event: 1.471 Thread 0x000001cee89946c0 Thread added: 0x000001cec5271cb0


Dynamic libraries:
0x00007ff752f00000 - 0x00007ff752f0e000 	c:\Users\DELL\.vscode\extensions\redhat.java-1.53.0-win32-x64\jre\21.0.10-win32-x86_64\bin\java.exe
0x00007ffac2490000 - 0x00007ffac2688000 	C:\Windows\SYSTEM32\ntdll.dll
0x00007ffac0ad0000 - 0x00007ffac0b92000 	C:\Windows\System32\KERNEL32.DLL
0x00007ffabfeb0000 - 0x00007ffac01a6000 	C:\Windows\System32\KERNELBASE.dll
0x00007ffabfbd0000 - 0x00007ffabfcd0000 	C:\Windows\System32\ucrtbase.dll
0x00007ffa922b0000 - 0x00007ffa922c8000 	c:\Users\DELL\.vscode\extensions\redhat.java-1.53.0-win32-x64\jre\21.0.10-win32-x86_64\bin\jli.dll
0x00007ffac22a0000 - 0x00007ffac2441000 	C:\Windows\System32\USER32.dll
0x00007ffabfba0000 - 0x00007ffabfbc2000 	C:\Windows\System32\win32u.dll
0x00007ffac1de0000 - 0x00007ffac1e0b000 	C:\Windows\System32\GDI32.dll
0x00007ffac0240000 - 0x00007ffac0359000 	C:\Windows\System32\gdi32full.dll
0x00007ffac0360000 - 0x00007ffac03fd000 	C:\Windows\System32\msvcp_win.dll
0x00007ffa922d0000 - 0x00007ffa922ee000 	c:\Users\DELL\.vscode\extensions\redhat.java-1.53.0-win32-x64\jre\21.0.10-win32-x86_64\bin\VCRUNTIME140.dll
0x00007ffaaff90000 - 0x00007ffab022b000 	C:\Windows\WinSxS\amd64_microsoft.windows.common-controls_6595b64144ccf1df_6.0.19041.6456_none_60b8a6cb71f64256\COMCTL32.dll
0x00007ffac1d40000 - 0x00007ffac1dde000 	C:\Windows\System32\msvcrt.dll
0x00007ffac1e20000 - 0x00007ffac1e4f000 	C:\Windows\System32\IMM32.DLL
0x00007ffab62e0000 - 0x00007ffab62ec000 	c:\Users\DELL\.vscode\extensions\redhat.java-1.53.0-win32-x64\jre\21.0.10-win32-x86_64\bin\vcruntime140_1.dll
0x00007ffa92220000 - 0x00007ffa922ad000 	c:\Users\DELL\.vscode\extensions\redhat.java-1.53.0-win32-x64\jre\21.0.10-win32-x86_64\bin\msvcp140.dll
0x00007ffa90ea0000 - 0x00007ffa91c41000 	c:\Users\DELL\.vscode\extensions\redhat.java-1.53.0-win32-x64\jre\21.0.10-win32-x86_64\bin\server\jvm.dll
0x00007ffac1390000 - 0x00007ffac1441000 	C:\Windows\System32\ADVAPI32.dll
0x00007ffac1e50000 - 0x00007ffac1eef000 	C:\Windows\System32\sechost.dll
0x00007ffac14b0000 - 0x00007ffac15d0000 	C:\Windows\System32\RPCRT4.dll
0x00007ffabfd20000 - 0x00007ffabfd47000 	C:\Windows\System32\bcrypt.dll
0x00007ffac10a0000 - 0x00007ffac110b000 	C:\Windows\System32\WS2_32.dll
0x00007ffabf980000 - 0x00007ffabf9cb000 	C:\Windows\SYSTEM32\POWRPROF.dll
0x00007ffaabeb0000 - 0x00007ffaabed7000 	C:\Windows\SYSTEM32\WINMM.dll
0x00007ffab6c80000 - 0x00007ffab6c8a000 	C:\Windows\SYSTEM32\VERSION.dll
0x00007ffabf960000 - 0x00007ffabf972000 	C:\Windows\SYSTEM32\UMPDC.dll
0x00007ffabe330000 - 0x00007ffabe342000 	C:\Windows\SYSTEM32\kernel.appcore.dll
0x00007ffa92210000 - 0x00007ffa9221a000 	c:\Users\DELL\.vscode\extensions\redhat.java-1.53.0-win32-x64\jre\21.0.10-win32-x86_64\bin\jimage.dll
0x00007ffabd850000 - 0x00007ffabda51000 	C:\Windows\SYSTEM32\DBGHELP.DLL
0x00007ffaaa650000 - 0x00007ffaaa684000 	C:\Windows\SYSTEM32\dbgcore.DLL
0x00007ffac01b0000 - 0x00007ffac0232000 	C:\Windows\System32\bcryptPrimitives.dll
0x00007ffa92200000 - 0x00007ffa9220f000 	c:\Users\DELL\.vscode\extensions\redhat.java-1.53.0-win32-x64\jre\21.0.10-win32-x86_64\bin\instrument.dll
0x00007ffa92100000 - 0x00007ffa92120000 	c:\Users\DELL\.vscode\extensions\redhat.java-1.53.0-win32-x64\jre\21.0.10-win32-x86_64\bin\java.dll
0x00007ffac15d0000 - 0x00007ffac1d40000 	C:\Windows\System32\SHELL32.dll
0x00007ffabdb70000 - 0x00007ffabe315000 	C:\Windows\SYSTEM32\windows.storage.dll
0x00007ffac0c90000 - 0x00007ffac0fe4000 	C:\Windows\System32\combase.dll
0x00007ffabf470000 - 0x00007ffabf49b000 	C:\Windows\SYSTEM32\Wldp.dll
0x00007ffac1230000 - 0x00007ffac12fd000 	C:\Windows\System32\OLEAUT32.dll
0x00007ffac0ff0000 - 0x00007ffac109d000 	C:\Windows\System32\SHCORE.dll
0x00007ffac0bc0000 - 0x00007ffac0c1b000 	C:\Windows\System32\shlwapi.dll
0x00007ffabfa50000 - 0x00007ffabfa74000 	C:\Windows\SYSTEM32\profapi.dll
0x00007ffa920e0000 - 0x00007ffa920f8000 	c:\Users\DELL\.vscode\extensions\redhat.java-1.53.0-win32-x64\jre\21.0.10-win32-x86_64\bin\zip.dll
0x00007ffa920d0000 - 0x00007ffa920e0000 	C:\Users\DELL\.vscode\extensions\redhat.java-1.53.0-win32-x64\jre\21.0.10-win32-x86_64\bin\net.dll
0x00007ffab6e20000 - 0x00007ffab6f2a000 	C:\Windows\SYSTEM32\WINHTTP.dll
0x00007ffabf1d0000 - 0x00007ffabf23a000 	C:\Windows\system32\mswsock.dll
0x00007ffa920b0000 - 0x00007ffa920c6000 	C:\Users\DELL\.vscode\extensions\redhat.java-1.53.0-win32-x64\jre\21.0.10-win32-x86_64\bin\nio.dll
0x00007ffa90e90000 - 0x00007ffa90ea0000 	c:\Users\DELL\.vscode\extensions\redhat.java-1.53.0-win32-x64\jre\21.0.10-win32-x86_64\bin\verify.dll

JVMTI agents:
c:\Users\DELL\.vscode\extensions\redhat.java-1.53.0-win32-x64\lombok\lombok-1.18.39-4050.jar path:c:\Users\DELL\.vscode\extensions\redhat.java-1.53.0-win32-x64\jre\21.0.10-win32-x86_64\bin\instrument.dll, loaded, initialized, instrumentlib options:none

dbghelp: loaded successfully - version: 4.0.5 - missing functions: none
symbol engine: initialized successfully - sym options: 0x614 - pdb path: .;c:\Users\DELL\.vscode\extensions\redhat.java-1.53.0-win32-x64\jre\21.0.10-win32-x86_64\bin;C:\Windows\SYSTEM32;C:\Windows\WinSxS\amd64_microsoft.windows.common-controls_6595b64144ccf1df_6.0.19041.6456_none_60b8a6cb71f64256;c:\Users\DELL\.vscode\extensions\redhat.java-1.53.0-win32-x64\jre\21.0.10-win32-x86_64\bin\server

VM Arguments:
jvm_args: --add-modules=ALL-SYSTEM --add-opens=java.base/java.util=ALL-UNNAMED --add-opens=java.base/java.lang=ALL-UNNAMED --add-opens=java.base/sun.nio.fs=ALL-UNNAMED -Declipse.application=org.eclipse.jdt.ls.core.id1 -Dosgi.bundles.defaultStartLevel=4 -Declipse.product=org.eclipse.jdt.ls.core.product -Djava.import.generatesMetadataFilesAtProjectRoot=false -DDetectVMInstallationsJob.disabled=true -Dfile.encoding=utf8 -XX:+UseParallelGC -XX:GCTimeRatio=4 -XX:AdaptiveSizePolicyWeight=90 -Dsun.zip.disableMemoryMapping=true -Xmx2G -Xms100m -Xlog:disable -javaagent:c:\Users\DELL\.vscode\extensions\redhat.java-1.53.0-win32-x64\lombok\lombok-1.18.39-4050.jar -XX:+HeapDumpOnOutOfMemoryError -XX:HeapDumpPath=c:\Users\DELL\AppData\Roaming\Code\User\workspaceStorage\4b4fd17cbe65da133d8d60e3effb1067\redhat.java -Daether.dependencyCollector.impl=bf 
java_command: c:\Users\DELL\.vscode\extensions\redhat.java-1.53.0-win32-x64\server\plugins\org.eclipse.equinox.launcher_1.7.100.v20251111-0406.jar -configuration c:\Users\DELL\AppData\Roaming\Code\User\globalStorage\redhat.java\1.53.0\config_win -data c:\Users\DELL\AppData\Roaming\Code\User\workspaceStorage\4b4fd17cbe65da133d8d60e3effb1067\redhat.java\jdt_ws --pipe=\\.\pipe\lsp-59e7af8f7c2ba20b0c7d971171a2a1c0-sock
java_class_path (initial): c:\Users\DELL\.vscode\extensions\redhat.java-1.53.0-win32-x64\server\plugins\org.eclipse.equinox.launcher_1.7.100.v20251111-0406.jar
Launcher Type: SUN_STANDARD

[Global flags]
    uintx AdaptiveSizePolicyWeight                 = 90                                        {product} {command line}
     intx CICompilerCount                          = 3                                         {product} {ergonomic}
    uintx GCTimeRatio                              = 4                                         {product} {command line}
     bool HeapDumpOnOutOfMemoryError               = true                                   {manageable} {command line}
    ccstr HeapDumpPath                             = c:\Users\DELL\AppData\Roaming\Code\User\workspaceStorage\4b4fd17cbe65da133d8d60e3effb1067\redhat.java         {manageable} {command line}
   size_t InitialHeapSize                          = 104857600                                 {product} {command line}
   size_t MaxHeapSize                              = 2147483648                                {product} {command line}
   size_t MaxNewSize                               = 715653120                                 {product} {ergonomic}
   size_t MinHeapDeltaBytes                        = 524288                                    {product} {ergonomic}
   size_t MinHeapSize                              = 104857600                                 {product} {command line}
   size_t NewSize                                  = 34603008                                  {product} {ergonomic}
    uintx NonNMethodCodeHeapSize                   = 5832780                                {pd product} {ergonomic}
    uintx NonProfiledCodeHeapSize                  = 122912730                              {pd product} {ergonomic}
   size_t OldSize                                  = 70254592                                  {product} {ergonomic}
    uintx ProfiledCodeHeapSize                     = 122912730                              {pd product} {ergonomic}
    uintx ReservedCodeCacheSize                    = 251658240                              {pd product} {ergonomic}
     bool SegmentedCodeCache                       = true                                      {product} {ergonomic}
   size_t SoftMaxHeapSize                          = 2147483648                             {manageable} {ergonomic}
     bool UseCompressedOops                        = true                           {product lp64_product} {ergonomic}
     bool UseLargePagesIndividualAllocation        = false                                  {pd product} {ergonomic}
     bool UseParallelGC                            = true                                      {product} {command line}

Logging:
Log output configuration:
 #0: stdout all=off uptime,level,tags foldmultilines=false
 #1: stderr all=off uptime,level,tags foldmultilines=false

Release file:
JAVA_VERSION="21.0.10" 
MODULES="java.base java.compiler java.datatransfer java.xml java.prefs java.desktop java.instrument java.logging java.management java.security.sasl java.naming java.rmi java.management.rmi java.net.http java.scripting java.security.jgss java.transaction.xa java.sql java.sql.rowset java.xml.crypto java.se java.smartcardio jdk.accessibility jdk.internal.jvmstat jdk.attach jdk.charsets jdk.internal.opt jdk.zipfs jdk.compiler jdk.crypto.ec jdk.crypto.cryptoki jdk.crypto.mscapi jdk.dynalink jdk.internal.ed jdk.editpad jdk.hotspot.agent jdk.httpserver jdk.internal.le jdk.internal.vm.ci jdk.internal.vm.compiler jdk.internal.vm.compiler.management jdk.jartool jdk.javadoc jdk.jcmd jdk.management jdk.management.agent jdk.jconsole jdk.jdeps jdk.jdwp.agent jdk.jdi jdk.jfr jdk.jshell jdk.jsobject jdk.jstatd jdk.localedata jdk.management.jfr jdk.naming.dns jdk.naming.rmi jdk.net jdk.nio.mapmode jdk.random jdk.sctp jdk.security.auth jdk.security.jgss jdk.unsupported jdk.unsupported.desktop jdk.xml.dom" 

Environment Variables:
PATH=C:\Users\DELL\AppData\Local\Programs\Microsoft VS Code;C:\Windows\System32;C:\Users\DELL\AppData\Roaming\nvm;C:\Program Files\nodejs;C:\Program Files\Git\cmd;C:\Users\DELL\AppData\Roaming\nvm;C:\Program Files\nodejs;C:\Program Files\Git\cmd;C:\Users\DELL\AppData\Roaming\nvm;C:\Program Files\nodejs;C:\Program Files\Git\cmd;C:\Windows\System32;C:\Users\DELL\AppData\Roaming\nvm;C:\Program Files\nodejs;C:\Program Files\Git\cmd;C:\Users\DELL\AppData\Roaming\nvm;C:\Program Files\nodejs;C:\Program Files\Git\cmd;C:\Users\DELL\AppData\Roaming\nvm;C:\Program Files\nodejs;C:\Program Files\Git\cmd;C:\Users\DELL\AppData\Roaming\nvm;C:\Program Files\nodejs;C:\Program Files\Git\cmd;C:\Users\DELL\AppData\Local\Microsoft\WindowsApps;C:\Program Files\Java\jdk-21\bin;D:\Android studio\bin;D:\flutter\bin;D:\INTELIJ\IntelliJ IDEA 2025.2.5\bin;C:\Users\DELL\AppData\Local\Android\Sdk\emulator;C:\Users\DELL\AppData\Local\Pub\Cache\bin;C:\Program Files\Java\jdk-17;D:\nodejs\nvm;C:\nvm4w\nodejs;C:\Users\DELL\AppData\Local\Programs\Microsoft VS Code\bin;C:\Windows\System32\WindowsPowerShell\v1.0;C:\Program Files\Git\bin;C:\Windows\System32;C:\Windows;C:\Windows\System32\Wbem;C:\Users\DELL\AppData\Roaming\nvm;C:\Program Files\nodejs;C:\Program Files\Git\cmd;C:\Program Files\MySQL\MySQL Shell 8.0\bin\;C:\Users\DELL\AppData\Local\Microsoft\WindowsApps;C:\Program Files\Java\jdk-21\bin;D:\Android studio\bin;D:\flutter\bin;D:\INTELIJ\IntelliJ IDEA 2025.2.5\bin;C:\Users\DELL\AppData\Local\Android\Sdk\emulator;C:\Users\DELL\AppData\Local\Pub\Cache\bin;C:\Program Files\Java\jdk-17;D:\nodejs\nvm;C:\nvm4w\nodejs;C:\Users\DELL\AppData\Local\Programs\Microsoft VS Code\bin;C:\Windows\System32\WindowsPowerShell\v1.0;C:\Program Files\Git\bin;C:\Windows\System32;C:\Windows;C:\Windows\System32\Wbem;C:\Users\DELL\AppData\Roaming\npm
USERNAME=DELL
OS=Windows_NT
PROCESSOR_IDENTIFIER=Intel64 Family 6 Model 78 Stepping 3, GenuineIntel
TMP=C:\Users\DELL\AppData\Local\Temp
TEMP=C:\Users\DELL\AppData\Local\Temp




Periodic native trim disabled

---------------  S Y S T E M  ---------------

OS:
 Windows 10 , 64 bit Build 19041 (10.0.19041.5915)
OS uptime: 1 days 19:42 hours

CPU: total 4 (initial active 4) (2 cores per cpu, 2 threads per core) family 6 model 78 stepping 3 microcode 0xf0, cx8, cmov, fxsr, ht, mmx, 3dnowpref, sse, sse2, sse3, ssse3, sse4.1, sse4.2, popcnt, lzcnt, tsc, tscinvbit, avx, avx2, aes, erms, clmul, bmi1, bmi2, rtm, adx, fma, vzeroupper, clflush, clflushopt, rdtscp, f16c
Processor Information for the first 4 processors :
  Max Mhz: 2501, Current Mhz: 2501, Mhz Limit: 2501

Memory: 4k page, system-wide physical 8073M (119M free)
TotalPageFile size 32649M (AvailPageFile size 0M)
current process WorkingSet (physical memory assigned to process): 81M, peak: 81M
current process commit charge ("private bytes"): 223M, peak: 223M

vm_info: OpenJDK 64-Bit Server VM (21.0.10+7-LTS) for windows-amd64 JRE (21.0.10+7-LTS), built on 2026-01-20T00:00:00Z by "admin" with MS VC++ 17.12 (VS2022)

END.
